2025-06-11 23:15:33,674 - INFO - ************* Logger Initialized ********************
2025-06-11 23:15:35,499 - INFO - ....... NVIDIA-SMI Output ......
Wed Jun 11 23:15:35 2025       
+-----------------------------------------------------------------------------+
| NVIDIA-SMI 471.41       Driver Version: 471.41       CUDA Version: 11.4     |
|-------------------------------+----------------------+----------------------+
| GPU  Name            TCC/WDDM | Bus-Id        Disp.A | Volatile Uncorr. ECC |
| Fan  Temp  Perf  Pwr:Usage/Cap|         Memory-Usage | GPU-Util  Compute M. |
|                               |                      |               MIG M. |
|===============================+======================+======================|
|   0  NVIDIA GeForce ... WDDM  | 00000000:01:00.0 Off |                  N/A |
| N/A   49C    P8     2W /  N/A |    157MiB /  6144MiB |      0%      Default |
|                               |                      |                  N/A |
+-------------------------------+----------------------+----------------------+
                                                                               
+-----------------------------------------------------------------------------+
| Processes:                                                                  |
|  GPU   GI   CI        PID   Type   Process name                  GPU Memory |
|        ID   ID                                                   Usage      |
|=============================================================================|
|    0   N/A  N/A         4    C+G   Insufficient Permissions        N/A      |
|    0   N/A  N/A      1972    C+G   Insufficient Permissions        N/A      |
|    0   N/A  N/A     31436      C   ...e\Installation\python.exe    N/A      |
+-----------------------------------------------------------------------------+

2025-06-11 23:15:35,499 - INFO - Driver and CUDA Versions: | NVIDIA-SMI 471.41       Driver Version: 471.41       CUDA Version: 11.4     |
2025-06-11 23:15:35,499 - INFO - GPU Info Line: | GPU  Name            TCC/WDDM | Bus-Id        Disp.A | Volatile Uncorr. ECC |
2025-06-11 23:15:35,499 - INFO - GPU Info Line: | Fan  Temp  Perf  Pwr:Usage/Cap|         Memory-Usage | GPU-Util  Compute M. |
2025-06-11 23:15:35,499 - INFO - GPU Info Line: |  GPU   GI   CI        PID   Type   Process name                  GPU Memory |
2025-06-11 23:18:05,885 - INFO - ............ Started Training Setup ...............
2025-06-11 23:18:06,022 - ERROR - .......The training failed || Error --->: name 'logger' is not defined
2025-06-11 23:18:51,524 - INFO - ............ Started Training Setup ...............
2025-06-11 23:18:51,583 - INFO - ....... Model loaded and starting the training ..........
2025-06-11 23:25:29,687 - INFO - ............ Started Training Setup ...............
2025-06-11 23:25:29,738 - ERROR - .......The training failed || Error --->: name 'logger' is not defined
2025-06-11 23:27:36,019 - INFO - ............ Started Training Setup ...............
2025-06-11 23:27:36,090 - INFO - Training started for model: UNetHeatmap
2025-06-11 23:27:36,090 - INFO - Number of epochs: 1
2025-06-11 23:27:36,090 - INFO - Learning rate: 0.001
2025-06-11 23:27:36,090 - INFO - ....... Model loaded and starting the training ..........
